START RECORD
288
Phase1: transition completed
1442
current_altitude - previous_altitude = 

46.36
2653
current_altitude - previous_altitude = 

46.48
3870
current_altitude - previous_altitude = 

46.54
5082
current_altitude - previous_altitude = 

47.13
6298
current_altitude - previous_altitude = 

46.64
7509
current_altitude - previous_altitude = 

46.26
8726
current_altitude - previous_altitude = 

46.26
9938
current_altitude - previous_altitude = 

45.99
11154
current_altitude - previous_altitude = 

46.39
12365
current_altitude - previous_altitude = 

46.51
13587
current_altitude - previous_altitude = 

46.28
14798
current_altitude - previous_altitude = 

46.63
16039
current_altitude - previous_altitude = 

46.48
17250
current_altitude - previous_altitude = 

46.38
18467
current_altitude - previous_altitude = 

46.23
19679
current_altitude - previous_altitude = 

46.56
20895
current_altitude - previous_altitude = 

46.14
22106
current_altitude - previous_altitude = 

46.64
23327
current_altitude - previous_altitude = 

46.88
24542
current_altitude - previous_altitude = 

46.70
25759
current_altitude - previous_altitude = 

46.41
26971
current_altitude - previous_altitude = 

46.58
28187
current_altitude - previous_altitude = 

46.38
29398
current_altitude - previous_altitude = 

46.16
30615
current_altitude - previous_altitude = 

46.43
31850
current_altitude - previous_altitude = 

46.63
33067
current_altitude - previous_altitude = 

46.68
34279
current_altitude - previous_altitude = 

46.73
35499
current_altitude - previous_altitude = 

46.09
36711
current_altitude - previous_altitude = 

46.28
37927
current_altitude - previous_altitude = 

46.44
39138
current_altitude - previous_altitude = 

46.29
40364
current_altitude - previous_altitude = 

45.61
41576
current_altitude - previous_altitude = 

45.96
42792
current_altitude - previous_altitude = 

46.08
44003
current_altitude - previous_altitude = 

46.08
45223
current_altitude - previous_altitude = 

45.86
46464
current_altitude - previous_altitude = 

46.59
47680
current_altitude - previous_altitude = 

46.76
48891
current_altitude - previous_altitude = 

46.34
50108
current_altitude - previous_altitude = 

46.19
51320
current_altitude - previous_altitude = 

45.89
52536
current_altitude - previous_altitude = 

46.64
53747
current_altitude - previous_altitude = 

45.89
54964
current_altitude - previous_altitude = 

46.16
56176
current_altitude - previous_altitude = 

46.19
57397
current_altitude - previous_altitude = 

46.63
58609
current_altitude - previous_altitude = 

46.36
59825
current_altitude - previous_altitude = 

46.48
61036
current_altitude - previous_altitude = 

46.33
61198
FALL STARTED(by MPU)

61283
Phase2: transition completed
61367
Phase3: transition completed
61367
9v voltage is output
85484
Phase2: transition completed
85570
Phase3: transition completed
85570
9v voltage is output
