START RECORD
385
Phase3: transition completed
385
9v voltage is output
5417
WARNING: 9v voltage is stop.

5518
Phase3_type2: transition completed

5606
Phase3_type2: transition completed

5692
Phase3_type2: transition completed

5783
Phase3_type2: transition completed

5869
Phase3_type2: transition completed

5955
Phase3_type2: transition completed

6041
Phase3_type2: transition completed

6127
Phase3_type2: transition completed

6217
Phase3_type2: transition completed

6303
Phase3_type2: transition completed

6394
Phase3_type2: transition completed

6479
Phase3_type2: transition completed

6568
Phase3_type2: transition completed

6653
Phase3_type2: transition completed

6738
Phase3_type2: transition completed

6823
Phase3_type2: transition completed

6908
Phase3_type2: transition completed

6998
Phase3_type2: transition completed

7083
Phase3_type2: transition completed

7168
Phase3_type2: transition completed

7253
Phase3_type2: transition completed

7342
Phase3_type2: transition completed

7432
Phase3_type2: transition completed

7517
Phase3_type2: transition completed

7602
Phase3_type2: transition completed

7687
Phase3_type2: transition completed

7776
Phase3_type2: transition completed

7861
Phase3_type2: transition completed

7946
Phase3_type2: transition completed

8031
Phase3_type2: transition completed

8116
Phase3_type2: transition completed

8206
Phase3_type2: transition completed

8291
Phase3_type2: transition completed

8376
Phase3_type2: transition completed

8465
Phase3_type2: transition completed

8555
Phase3_type2: transition completed

8640
Phase3_type2: transition completed

8725
Phase3_type2: transition completed

8810
Phase3_type2: transition completed

8895
Phase3_type2: transition completed

8984
Phase3_type2: transition completed

9069
Phase3_type2: transition completed

9154
Phase3_type2: transition completed

9239
Phase3_type2: transition completed

9329
Phase3_type2: transition completed

9414
Phase3_type2: transition completed

9499
Phase3_type2: transition completed

9584
Phase3_type2: transition completed

9669
Phase3_type2: transition completed

9758
Phase3_type2: transition completed

9843
Phase3_type2: transition completed

9928
Phase3_type2: transition completed

10013
Phase3_type2: transition completed

10103
Phase3_type2: transition completed

10188
Phase3_type2: transition completed

10273
Phase3_type2: transition completed

10358
Phase3_type2: transition completed

10448
Phase3_type2: transition completed

10546
Phase3_type2: transition completed

10631
Phase3_type2: transition completed

10716
Phase3_type2: transition completed

10801
Phase3_type2: transition completed

10886
Phase3_type2: transition completed

10976
Phase3_type2: transition completed

11060
Phase3_type2: transition completed

11145
Phase3_type2: transition completed

11230
Phase3_type2: transition completed

11321
Phase3_type2: transition completed

11406
Phase3_type2: transition completed

11495
Phase3_type2: transition completed

11580
Phase3_type2: transition completed

11665
Phase3_type2: transition completed

11755
Phase3_type2: transition completed

11840
Phase3_type2: transition completed

11926
Phase3_type2: transition completed

12011
Phase3_type2: transition completed

12100
Phase3_type2: transition completed

12185
Phase3_type2: transition completed

12270
Phase3_type2: transition completed

12355
Phase3_type2: transition completed

12440
Phase3_type2: transition completed

12534
Phase3_type2: transition completed

12619
Phase3_type2: transition completed

12704
Phase3_type2: transition completed

12790
Phase3_type2: transition completed

12880
Phase3_type2: transition completed

12965
Phase3_type2: transition completed

13050
Phase3_type2: transition completed

13135
Phase3_type2: transition completed

13220
Phase3_type2: transition completed

13310
Phase3_type2: transition completed

13395
Phase3_type2: transition completed

13485
Phase3_type2: transition completed

13570
Phase3_type2: transition completed

13656
Phase3_type2: transition completed

13745
Phase3_type2: transition completed

13830
Phase3_type2: transition completed

13915
Phase3_type2: transition completed

14000
Phase3_type2: transition completed

14090
Phase3_type2: transition completed

14175
Phase3_type2: transition completed

14261
Phase3_type2: transition completed

14347
Phase3_type2: transition completed

14432
Phase3_type2: transition completed

14526
Phase3_type2: transition completed

START RECORD
135
Phase3: transition completed
135
9v voltage is output
5162
WARNING: 9v voltage is stop.

5262
Phase3_type2: transition completed

5349
Phase3_type2: transition completed

5434
Phase3_type2: transition completed

5524
Phase3_type2: transition completed

5609
Phase3_type2: transition completed

5694
Phase3_type2: transition completed

5779
Phase3_type2: transition completed

5864
Phase3_type2: transition completed

5958
Phase3_type2: transition completed

6043
Phase3_type2: transition completed

6128
Phase3_type2: transition completed

6213
Phase3_type2: transition completed

6302
Phase3_type2: transition completed

6387
Phase3_type2: transition completed

6472
Phase3_type2: transition completed

6557
Phase3_type2: transition completed

6642
Phase3_type2: transition completed

6732
Phase3_type2: transition completed

6817
Phase3_type2: transition completed

6902
Phase3_type2: transition completed

6991
Phase3_type2: transition completed

7081
Phase3_type2: transition completed

7166
Phase3_type2: transition completed

7251
Phase3_type2: transition completed

7336
Phase3_type2: transition completed

7422
Phase3_type2: transition completed

7511
Phase3_type2: transition completed

7596
Phase3_type2: transition completed

7681
Phase3_type2: transition completed

7766
Phase3_type2: transition completed

7851
Phase3_type2: transition completed

7941
Phase3_type2: transition completed

8030
Phase3_type2: transition completed

8115
Phase3_type2: transition completed

8200
Phase3_type2: transition completed

8290
Phase3_type2: transition completed

8376
Phase3_type2: transition completed

8461
Phase3_type2: transition completed

8546
Phase3_type2: transition completed

8631
Phase3_type2: transition completed

8720
Phase3_type2: transition completed

8805
Phase3_type2: transition completed

8890
Phase3_type2: transition completed

8975
Phase3_type2: transition completed

9069
Phase3_type2: transition completed

9154
Phase3_type2: transition completed

9239
Phase3_type2: transition completed

9324
Phase3_type2: transition completed

9409
Phase3_type2: transition completed

9499
Phase3_type2: transition completed

9584
Phase3_type2: transition completed

9669
Phase3_type2: transition completed

9754
Phase3_type2: transition completed

9852
Phase3_type2: transition completed

9937
Phase3_type2: transition completed

10022
Phase3_type2: transition completed

10112
Phase3_type2: transition completed

10198
Phase3_type2: transition completed

10288
Phase3_type2: transition completed

10373
Phase3_type2: transition completed

10458
Phase3_type2: transition completed

10544
Phase3_type2: transition completed

10629
Phase3_type2: transition completed

10719
Phase3_type2: transition completed

10805
Phase3_type2: transition completed

10890
Phase3_type2: transition completed

10976
Phase3_type2: transition completed

11071
Phase3_type2: transition completed

11156
Phase3_type2: transition completed

11241
Phase3_type2: transition completed

11326
Phase3_type2: transition completed

11411
Phase3_type2: transition completed

11500
Phase3_type2: transition completed

11585
Phase3_type2: transition completed

11670
Phase3_type2: transition completed

11755
Phase3_type2: transition completed

11845
Phase3_type2: transition completed

11930
Phase3_type2: transition completed

12016
Phase3_type2: transition completed

12105
Phase3_type2: transition completed

12190
Phase3_type2: transition completed

12280
Phase3_type2: transition completed

12365
Phase3_type2: transition completed

12450
Phase3_type2: transition completed

12535
Phase3_type2: transition completed

12625
Phase3_type2: transition completed

12710
Phase3_type2: transition completed

12795
Phase3_type2: transition completed

12880
Phase3_type2: transition completed

12965
Phase3_type2: transition completed

13055
Phase3_type2: transition completed

13144
Phase3_type2: transition completed

13229
Phase3_type2: transition completed

13314
Phase3_type2: transition completed

13399
Phase3_type2: transition completed

13489
Phase3_type2: transition completed

13574
Phase3_type2: transition completed

13659
Phase3_type2: transition completed

13744
Phase3_type2: transition completed

13833
Phase3_type2: transition completed

13918
Phase3_type2: transition completed

14003
Phase3_type2: transition completed

14093
Phase3_type2: transition completed

14178
Phase3_type2: transition completed

14267
Phase3_type2: transition completed

14352
Phase3_type2: transition completed

14438
Phase3_type2: transition completed

14523
Phase3_type2: transition completed

14613
Phase3_type2: transition completed

14698
Phase3_type2: transition completed

14783
Phase3_type2: transition completed

14868
Phase3_type2: transition completed

14953
Phase3_type2: transition completed

15043
Phase3_type2: transition completed

15133
Phase3_type2: transition completed

15218
Phase3_type2: transition completed

15304
Phase3_type2: transition completed

15393
Phase3_type2: transition completed

15478
Phase3_type2: transition completed

15563
Phase3_type2: transition completed

15648
Phase3_type2: transition completed

15733
Phase3_type2: transition completed

15823
Phase3_type2: transition completed

15908
Phase3_type2: transition completed

15993
Phase3_type2: transition completed

16078
Phase3_type2: transition completed

16167
Phase3_type2: transition completed

16257
Phase3_type2: transition completed

16342
Phase3_type2: transition completed

16427
Phase3_type2: transition completed

16512
Phase3_type2: transition completed

16601
Phase3_type2: transition completed

16686
Phase3_type2: transition completed

16781
Phase3_type2: transition completed

16866
Phase3_type2: transition completed

16951
Phase3_type2: transition completed

17041
Phase3_type2: transition completed

17130
Phase3_type2: transition completed

17215
Phase3_type2: transition completed

17301
Phase3_type2: transition completed

17391
Phase3_type2: transition completed

17476
Phase3_type2: transition completed

17561
Phase3_type2: transition completed

17646
Phase3_type2: transition completed

17731
Phase3_type2: transition completed

17820
Phase3_type2: transition completed

17905
Phase3_type2: transition completed

17991
Phase3_type2: transition completed

18076
Phase3_type2: transition completed

18170
Phase3_type2: transition completed

18255
Phase3_type2: transition completed

18340
Phase3_type2: transition completed

18425
Phase3_type2: transition completed

18510
Phase3_type2: transition completed

18600
Phase3_type2: transition completed

